\BOOKMARK [0][-]{dummy.1}{\376\377\000R\000e\000s\000u\000m\000\040\000\050\000i\000n\000i\000c\000i\000a\000l\000\051}{}% 1
\BOOKMARK [0][-]{dummy.2}{\376\377\000A\000g\000r\000a\000\357\000m\000e\000n\000t\000s}{}% 2
\BOOKMARK [0][-]{dummy.3}{\376\377\000\315\000n\000d\000e\000x}{}% 3
\BOOKMARK [0][-]{dummy.5}{\376\377\000\315\000n\000d\000e\000x\000\040\000d\000e\000\040\000f\000i\000g\000u\000r\000e\000s}{}% 4
\BOOKMARK [0][-]{dummy.7}{\376\377\000\315\000n\000d\000e\000x\000\040\000d\000e\000\040\000t\000a\000u\000l\000e\000s}{}% 5
\BOOKMARK [0][-]{dummy.9}{\376\377\000S\000\355\000m\000b\000o\000l\000s}{}% 6
\BOOKMARK [0][-]{chapter.12}{\376\377\0001\000\040\000I\000n\000t\000r\000o\000d\000u\000c\000c\000i\000\363}{}% 7
\BOOKMARK [0][-]{chapter.13}{\376\377\0002\000\040\000F\000u\000n\000c\000i\000o\000n\000a\000m\000e\000n\000t}{}% 8
\BOOKMARK [1][-]{section.14}{\376\377\0002\000.\0001\000\040\000M\000o\000t\000o\000r\000\040\000p\000a\000s\000\040\000a\000\040\000p\000a\000s}{chapter.13}% 9
\BOOKMARK [2][-]{subsection.15}{\376\377\0002\000.\0001\000.\0001\000\040\000P\000e\000r\000\040\000q\000u\000\350\000\040\000u\000n\000\040\000m\000o\000t\000o\000r\000\040\000p\000a\000s\000\040\000a\000\040\000p\000a\000s\000?}{section.14}% 10
\BOOKMARK [2][-]{subsection.16}{\376\377\0002\000.\0001\000.\0002\000\040\000F\000u\000n\000c\000i\000o\000n\000a\000m\000e\000n\000t}{section.14}% 11
\BOOKMARK [2][-]{subsection.17}{\376\377\0002\000.\0001\000.\0003\000\040\000T\000i\000p\000u\000s\000\040\000d\000e\000\040\000m\000o\000t\000o\000r\000s\000\040\000p\000a\000s\000\040\000a\000\040\000p\000a\000s}{section.14}% 12
\BOOKMARK [2][-]{subsection.20}{\376\377\0002\000.\0001\000.\0004\000\040\000M\000o\000d\000e\000s\000\040\000d\000e\000\040\000f\000u\000n\000c\000i\000o\000n\000a\000m\000e\000n\000t}{section.14}% 13
\BOOKMARK [2][-]{subsection.28}{\376\377\0002\000.\0001\000.\0005\000\040\000A\000l\000t\000e\000r\000n\000a\000t\000i\000v\000e\000s}{section.14}% 14
\BOOKMARK [2][-]{subsection.29}{\376\377\0002\000.\0001\000.\0006\000\040\000M\000o\000t\000o\000r\000\040\000e\000s\000c\000o\000l\000l\000i\000t\000:\000\040\000N\000e\000m\000a\000\040\0001\0004}{section.14}% 15
\BOOKMARK [1][-]{section.32}{\376\377\0002\000.\0002\000\040\000D\000r\000i\000v\000e\000r\000\040\000c\000o\000n\000t\000r\000o\000l\000a\000d\000o\000r\000\040\000d\000e\000l\000\040\000m\000o\000t\000o\000r}{chapter.13}% 16
\BOOKMARK [2][-]{subsection.33}{\376\377\0002\000.\0002\000.\0001\000\040\000F\000u\000n\000c\000i\000o\000n\000a\000m\000e\000n\000t}{section.32}% 17
\BOOKMARK [2][-]{subsection.35}{\376\377\0002\000.\0002\000.\0002\000\040\000E\000a\000s\000y\000\040\000D\000r\000i\000v\000e\000r\000\040\000A\0003\0009\0006\0007}{section.32}% 18
\BOOKMARK [1][-]{section.37}{\376\377\0002\000.\0003\000\040\000S\000e\000r\000v\000o\000m\000o\000t\000o\000r}{chapter.13}% 19
\BOOKMARK [2][-]{subsection.38}{\376\377\0002\000.\0003\000.\0001\000\040\000Q\000u\000i\000n\000a\000\040\000\351\000s\000\040\000l\000a\000\040\000s\000e\000v\000a\000\040\000f\000u\000n\000c\000i\000\363\000?}{section.37}% 20
\BOOKMARK [2][-]{subsection.40}{\376\377\0002\000.\0003\000.\0002\000\040\000F\000u\000n\000c\000i\000o\000n\000a\000m\000e\000n\000t}{section.37}% 21
\BOOKMARK [2][-]{subsection.43}{\376\377\0002\000.\0003\000.\0003\000\040\000S\000e\000r\000v\000o\000\040\000e\000s\000c\000o\000l\000l\000i\000t\000:\000\040\000S\000M\000-\000S\0002\0003\0000\0009\000S}{section.37}% 22
\BOOKMARK [1][-]{section.45}{\376\377\0002\000.\0004\000\040\000B\000a\000t\000e\000r\000i\000a}{chapter.13}% 23
\BOOKMARK [1][-]{section.47}{\376\377\0002\000.\0005\000\040\000R\000e\000t\000o\000l\000a\000d\000o\000r}{chapter.13}% 24
\BOOKMARK [0][-]{chapter.49}{\376\377\0003\000\040\000D\000i\000s\000s\000e\000n\000y}{}% 25
\BOOKMARK [1][-]{section.51}{\376\377\0003\000.\0001\000\040\000X\000a\000s\000s\000\355\000s}{chapter.49}% 26
\BOOKMARK [1][-]{section.53}{\376\377\0003\000.\0002\000\040\000G\000u\000i\000a\000\040\000d\000e\000l\000\040\000r\000e\000t\000o\000l\000a\000d\000o\000r}{chapter.49}% 27
\BOOKMARK [1][-]{section.56}{\376\377\0003\000.\0003\000\040\000M\000e\000c\000a\000n\000i\000s\000m\000e\000\040\000d\000'\000e\000l\000e\000v\000a\000c\000i\000\363\000\040\000d\000e\000l\000\040\000r\000e\000t\000o\000l\000a\000d\000o\000r}{chapter.49}% 28
\BOOKMARK [1][-]{section.58}{\376\377\0003\000.\0004\000\040\000R\000o\000d\000a\000\040\000b\000o\000j\000a\000\040\000d\000a\000v\000a\000n\000t\000e\000r\000a}{chapter.49}% 29
\BOOKMARK [1][-]{section.61}{\376\377\0003\000.\0005\000\040\000R\000o\000d\000e\000s\000\040\000m\000o\000t\000r\000i\000u\000s}{chapter.49}% 30
\BOOKMARK [1][-]{section.63}{\376\377\0003\000.\0006\000\040\000C\000a\000r\000g\000o\000l\000s\000,\000\040\000f\000e\000m\000e\000l\000l\000e\000s\000\040\000i\000\040\000t\000u\000b\000s\000\040\000a\000u\000x\000i\000l\000i\000a\000r\000s}{chapter.49}% 31
\BOOKMARK [0][-]{chapter.65}{\376\377\0004\000\040\000P\000r\000o\000g\000r\000a\000m\000a\000c\000i\000\363}{}% 32
\BOOKMARK [1][-]{section.66}{\376\377\0004\000.\0001\000\040\000P\000r\000i\000n\000c\000i\000p\000i\000s\000\040\000d\000e\000\040\000f\000u\000n\000c\000i\000o\000n\000a\000m\000e\000n\000t}{chapter.65}% 33
\BOOKMARK [1][-]{section.68}{\376\377\0004\000.\0002\000\040\000G\000C\000o\000d\000e\000:\000\040\000C\000o\000m\000\040\000e\000s\000\040\000c\000a\000l\000c\000u\000l\000a\000\040\000l\000a\000\040\000t\000r\000a\000j\000e\000c\000t\000\362\000r\000i\000a\000?}{chapter.65}% 34
\BOOKMARK [2][-]{subsection.69}{\376\377\0004\000.\0002\000.\0001\000\040\000Q\000u\000\350\000\040\000\351\000s\000\040\000e\000l\000\040\000G\000C\000o\000d\000e\000?}{section.68}% 35
\BOOKMARK [2][-]{subsection.70}{\376\377\0004\000.\0002\000.\0002\000\040\000C\000o\000m\000a\000n\000d\000e\000s\000\040\000p\000r\000i\000n\000c\000i\000p\000a\000l\000s}{section.68}% 36
\BOOKMARK [1][-]{section.71}{\376\377\0004\000.\0003\000\040\000I\000n\000k\000s\000c\000a\000p\000e\000:\000\040\000C\000o\000m\000\040\000e\000s\000\040\000c\000r\000e\000a\000\040\000e\000l\000\040\000G\000C\000o\000d\000e\000?}{chapter.65}% 37
\BOOKMARK [2][-]{subsection.72}{\376\377\0004\000.\0003\000.\0001\000\040\000I\000n\000k\000s\000c\000a\000p\000e}{section.71}% 38
\BOOKMARK [2][-]{subsection.74}{\376\377\0004\000.\0003\000.\0002\000\040\000C\000o\000m\000\040\000c\000r\000e\000a\000r\000\040\000l\000'\000a\000r\000x\000i\000u\000\040\000G\000C\000o\000d\000e\000\040\000a\000\040\000p\000a\000r\000t\000i\000r\000\040\000d\000'\000I\000n\000k\000s\000c\000a\000p\000e}{section.71}% 39
\BOOKMARK [1][-]{section.80}{\376\377\0004\000.\0004\000\040\000P\000y\000t\000h\000o\000n\000:\000\040\000C\000o\000m\000\040\000e\000s\000\040\000p\000r\000o\000c\000e\000s\000s\000a\000\040\000e\000l\000\040\000G\000C\000o\000d\000e\000?}{chapter.65}% 40
\BOOKMARK [2][-]{subsection.81}{\376\377\0004\000.\0004\000.\0001\000\040\000I\000n\000t\000r\000o\000d\000u\000c\000c\000i\000\363\000\040\000a\000l\000\040\000P\000y\000t\000h\000o\000n}{section.80}% 41
\BOOKMARK [2][-]{subsection.83}{\376\377\0004\000.\0004\000.\0002\000\040\000E\000l\000\040\000p\000r\000o\000g\000r\000a\000m\000a}{section.80}% 42
\BOOKMARK [2][-]{subsection.100}{\376\377\0004\000.\0004\000.\0003\000\040\000F\000u\000n\000c\000i\000o\000n\000s\000\040\000d\000e\000\040\000m\000o\000v\000i\000m\000e\000n\000t\000\040\000d\000e\000l\000\040\000r\000o\000b\000o\000t}{section.80}% 43
\BOOKMARK [3][-]{subsubsection.101}{\376\377\0004\000.\0004\000.\0003\000.\0001\000\040\000F\000u\000n\000c\000i\000\363\000\040\000G\0000\0000\000\050\000x\0001\000,\000\040\000y\0001\000\051}{subsection.100}% 44
\BOOKMARK [3][-]{subsubsection.133}{\376\377\0004\000.\0004\000.\0003\000.\0002\000\040\000F\000u\000n\000c\000i\000\363\000\040\000G\0000\0001\000\050\000x\0001\000,\000\040\000y\0001\000\051}{subsection.100}% 45
\BOOKMARK [3][-]{subsubsection.135}{\376\377\0004\000.\0004\000.\0003\000.\0003\000\040\000F\000u\000n\000c\000i\000\363\000\040\000G\0000\0002\000\050\000x\0001\000,\000\040\000y\0001\000,\000\040\000x\000C\000,\000\040\000y\000C\000,\000\040\000d\000i\000r\000e\000c\000c\000i\000o\0001\000\051}{subsection.100}% 46
\BOOKMARK [3][-]{subsubsection.147}{\376\377\0004\000.\0004\000.\0003\000.\0004\000\040\000F\000u\000n\000c\000i\000\363\000\040\000G\0000\0003\000\050\000x\0001\000,\000\040\000y\0001\000,\000\040\000x\000C\000,\000\040\000y\000C\000,\000\040\000d\000i\000r\000e\000c\000c\000i\000o\0001\000\051}{subsection.100}% 47
\BOOKMARK [3][-]{subsubsection.153}{\376\377\0004\000.\0004\000.\0003\000.\0005\000\040\000F\000u\000n\000c\000i\000\363\000\040\000a\000p\000u\000n\000t\000a\000r\000\050\000d\000i\000r\000e\000c\000c\000i\000o\0001\000\051}{subsection.100}% 48
\BOOKMARK [1][-]{section.162}{\376\377\0004\000.\0005\000\040\000A\000r\000d\000u\000i\000n\000o\000:\000\040\000Q\000u\000i\000\040\000m\000o\000u\000\040\000e\000l\000\040\000r\000o\000b\000o\000t\000?}{chapter.65}% 49
\BOOKMARK [2][-]{subsection.164}{\376\377\0004\000.\0005\000.\0001\000\040\000A\000r\000d\000u\000i\000n\000o\000\040\000U\000N\000O}{section.162}% 50
\BOOKMARK [2][-]{subsection.166}{\376\377\0004\000.\0005\000.\0002\000\040\000C\000o\000n\000n\000e\000x\000i\000\363}{section.162}% 51
\BOOKMARK [2][-]{subsection.168}{\376\377\0004\000.\0005\000.\0003\000\040\000P\000r\000o\000g\000r\000a\000m\000a\000\040\000R\000o\000b\000o\000t\000.\000i\000n\000o}{section.162}% 52
\BOOKMARK [3][-]{subsubsection.169}{\376\377\0004\000.\0005\000.\0003\000.\0001\000\040\000L\000l\000i\000b\000r\000e\000r\000i\000e\000s\000\040\000u\000t\000i\000l\000i\000t\000z\000a\000d\000e\000s}{subsection.168}% 53
\BOOKMARK [3][-]{subsubsection.175}{\376\377\0004\000.\0005\000.\0003\000.\0002\000\040\000C\000o\000n\000f\000i\000g\000u\000r\000a\000c\000i\000\363}{subsection.168}% 54
\BOOKMARK [3][-]{subsubsection.217}{\376\377\0004\000.\0005\000.\0003\000.\0003\000\040\000B\000u\000c\000l\000e\000\040\000p\000r\000i\000n\000c\000i\000p\000a\000l}{subsection.168}% 55
\BOOKMARK [1][-]{section.274}{\376\377\0004\000.\0006\000\040\000B\000l\000u\000e\000t\000o\000o\000t\000h\000:\000\040\000C\000o\000m\000\040\000e\000s\000\040\000c\000o\000m\000u\000n\000i\000q\000u\000e\000n\000\040\000l\000'\000o\000r\000d\000i\000n\000a\000d\000o\000r\000\040\000i\000\040\000e\000l\000\040\000r\000o\000b\000o\000t\000?}{chapter.65}% 56
\BOOKMARK [2][-]{subsection.276}{\376\377\0004\000.\0006\000.\0001\000\040\000M\000\362\000d\000u\000l\000\040\000H\000C\000-\0000\0005}{section.274}% 57
\BOOKMARK [1][-]{section.278}{\376\377\0004\000.\0007\000\040\000A\000p\000l\000i\000c\000a\000c\000i\000\363\000:\000\040\000C\000o\000m\000\040\000e\000s\000\040\000c\000o\000n\000t\000r\000o\000l\000a\000?}{chapter.65}% 58
\BOOKMARK [2][-]{subsection.279}{\376\377\0004\000.\0007\000.\0001\000\040\000T\000k\000i\000n\000t\000e\000r}{section.278}% 59
\BOOKMARK [2][-]{subsection.280}{\376\377\0004\000.\0007\000.\0002\000\040\000A\000p\000l\000i\000c\000a\000c\000i\000\363}{section.278}% 60
\BOOKMARK [2][-]{subsection.477}{\376\377\0004\000.\0007\000.\0003\000\040\000D\000r\000a\000w\000.\000p\000y}{section.278}% 61
\BOOKMARK [0][-]{chapter.478}{\376\377\0005\000\040\000C\000o\000n\000c\000l\000u\000s\000i\000o\000n\000s\000\040\000i\000\040\000t\000r\000e\000b\000a\000l\000l\000s\000\040\000f\000u\000t\000u\000r\000s}{}% 62
\BOOKMARK [0][-]{dummy.479}{\376\377\000B\000i\000b\000l\000i\000o\000g\000r\000a\000f\000i\000a}{}% 63
