This is pdfTeX, Version 3.1415926-2.5-1.40.14 (MiKTeX 2.9) (preloaded format=pdflatex 2015.2.12)  15 MAR 2015 12:49
entering extended mode
**thesis.tex
(C:\Users\Carlos\Desktop\ETSEIB\TFG\Template2\thesis.tex
LaTeX2e <2011/06/27>
Babel <v3.8m> and hyphenation patterns for english, afrikaans, ancientgreek, ar
abic, armenian, assamese, basque, bengali, bokmal, bulgarian, catalan, coptic, 
croatian, czech, danish, dutch, esperanto, estonian, farsi, finnish, french, ga
lician, german, german-x-2013-05-26, greek, gujarati, hindi, hungarian, iceland
ic, indonesian, interlingua, irish, italian, kannada, kurmanji, latin, latvian,
 lithuanian, malayalam, marathi, mongolian, mongolianlmc, monogreek, ngerman, n
german-x-2013-05-26, nynorsk, oriya, panjabi, pinyin, polish, portuguese, roman
ian, russian, sanskrit, serbian, slovak, slovenian, spanish, swedish, swissgerm
an, tamil, telugu, turkish, turkmen, ukenglish, ukrainian, uppersorbian, usengl
ishmax, welsh, loaded.
(C:\Users\Carlos\Desktop\ETSEIB\TFG\Template2\Classes/CUEDthesisPSnPDF.cls

LaTeX Warning: You have requested document class `Classes/CUEDthesisPSnPDF',
               but the document class provides `CUEDthesisPSnPDF'.

Document Class: CUEDthesisPSnPDF 2010/07/14 v1.1 CUED thesis class
("C:\Program Files (x86)\MiKTeX 2.9\tex\latex\base\book.cls"
Document Class: book 2007/10/19 v1.4h Standard LaTeX document class
("C:\Program Files (x86)\MiKTeX 2.9\tex\latex\base\bk12.clo"
File: bk12.clo 2007/10/19 v1.4h Standard LaTeX file (size option)
)
\c@part=\count79
\c@chapter=\count80
\c@section=\count81
\c@subsection=\count82
\c@subsubsection=\count83
\c@paragraph=\count84
\c@subparagraph=\count85
\c@figure=\count86
\c@table=\count87
\abovecaptionskip=\skip41
\belowcaptionskip=\skip42
\bibindent=\dimen102
)
("C:\Program Files (x86)\MiKTeX 2.9\tex\latex\setspace\setspace.sty"
Package: setspace 2011/12/19 v6.7a set line spacing
)
("C:\Program Files (x86)\MiKTeX 2.9\tex\latex\tocbibind\tocbibind.sty"
Package: tocbibind 2010/10/13 v1.5k extra ToC listings
Package tocbibind Info: The document has chapter divisions on input line 50.


Package tocbibind Note: Using chapter style headings, unless overridden.

) ("C:\Program Files (x86)\MiKTeX 2.9\tex\latex\amsfonts\amssymb.sty"
Package: amssymb 2013/01/14 v3.01 AMS font symbols

("C:\Program Files (x86)\MiKTeX 2.9\tex\latex\amsfonts\amsfonts.sty"
Package: amsfonts 2013/01/14 v3.01 Basic AMSFonts support
\@emptytoks=\toks14
\symAMSa=\mathgroup4
\symAMSb=\mathgroup5
LaTeX Font Info:    Overwriting math alphabet `\mathfrak' in version `bold'
(Font)                  U/euf/m/n --> U/euf/b/n on input line 106.
))
("C:\Program Files (x86)\MiKTeX 2.9\tex\latex\fancyhdr\fancyhdr.sty"
\fancy@headwidth=\skip43
\f@ncyO@elh=\skip44
\f@ncyO@erh=\skip45
\f@ncyO@olh=\skip46
\f@ncyO@orh=\skip47
\f@ncyO@elf=\skip48
\f@ncyO@erf=\skip49
\f@ncyO@olf=\skip50
\f@ncyO@orf=\skip51
)
("C:\Program Files (x86)\MiKTeX 2.9\tex\latex\amsfonts\eucal.sty"
Package: eucal 2009/06/22 v3.00 Euler Script fonts
LaTeX Font Info:    Overwriting math alphabet `\EuScript' in version `bold'
(Font)                  U/eus/m/n --> U/eus/b/n on input line 33.
)
("C:\Program Files (x86)\MiKTeX 2.9\tex\generic\babel\babel.sty"
Package: babel 2008/07/08 v3.8m The Babel package

*************************************
* Local config file bblopts.cfg used
*
("C:\Program Files (x86)\MiKTeX 2.9\tex\latex\00miktex\bblopts.cfg"
File: bblopts.cfg 2006/07/31 v1.0 MiKTeX 'babel' configuration
)
("C:\Program Files (x86)\MiKTeX 2.9\tex\generic\babel\english.ldf"
Language: english 2005/03/30 v3.3o English support from the babel system

("C:\Program Files (x86)\MiKTeX 2.9\tex\generic\babel\babel.def"
File: babel.def 2008/07/08 v3.8m Babel common definitions
\babel@savecnt=\count88
\U@D=\dimen103
)
\l@canadian = a dialect from \language\l@american 
\l@australian = a dialect from \language\l@british 
\l@newzealand = a dialect from \language\l@british 
))
("C:\Program Files (x86)\MiKTeX 2.9\tex\latex\graphics\color.sty"
Package: color 2005/11/14 v1.0j Standard LaTeX Color (DPC)

("C:\Program Files (x86)\MiKTeX 2.9\tex\latex\00miktex\color.cfg"
File: color.cfg 2007/01/18 v1.5 color configuration of teTeX/TeXLive
)
Package color Info: Driver file: pdftex.def on input line 130.

("C:\Program Files (x86)\MiKTeX 2.9\tex\latex\pdftex-def\pdftex.def"
File: pdftex.def 2011/05/27 v0.06d Graphics/color for pdfTeX

("C:\Program Files (x86)\MiKTeX 2.9\tex\generic\oberdiek\infwarerr.sty"
Package: infwarerr 2010/04/08 v1.3 Providing info/warning/error messages (HO)
)
("C:\Program Files (x86)\MiKTeX 2.9\tex\generic\oberdiek\ltxcmds.sty"
Package: ltxcmds 2011/11/09 v1.22 LaTeX kernel commands for general use (HO)
)
\Gread@gobject=\count89
)
("C:\Program Files (x86)\MiKTeX 2.9\tex\latex\graphics\dvipsnam.def"
File: dvipsnam.def 1999/02/16 v3.0i Driver-dependant file (DPC,SPQR)
))
("C:\Program Files (x86)\MiKTeX 2.9\tex\latex\footmisc\footmisc.sty"
Package: footmisc 2011/06/06 v5.5b a miscellany of footnote facilities
\FN@temptoken=\toks15
\footnotemargin=\dimen104
\c@pp@next@reset=\count90
\c@@fnserial=\count91
Package footmisc Info: Declaring symbol style bringhurst on input line 855.
Package footmisc Info: Declaring symbol style chicago on input line 863.
Package footmisc Info: Declaring symbol style wiley on input line 872.
Package footmisc Info: Declaring symbol style lamport-robust on input line 883.

Package footmisc Info: Declaring symbol style lamport* on input line 903.
Package footmisc Info: Declaring symbol style lamport*-robust on input line 924
.
)
("C:\Program Files (x86)\MiKTeX 2.9\tex\latex\natbib\natbib.sty"
Package: natbib 2010/09/13 8.31b (PWD, AO)
\bibhang=\skip52
\bibsep=\skip53
LaTeX Info: Redefining \cite on input line 694.
\c@NAT@ctr=\count92
)
("C:\Program Files (x86)\MiKTeX 2.9\tex\latex\base\ifthen.sty"
Package: ifthen 2001/05/26 v1.1c Standard LaTeX ifthen package (DPC)
)
("C:\Program Files (x86)\MiKTeX 2.9\tex\generic\oberdiek\ifpdf.sty"
Package: ifpdf 2011/01/30 v2.3 Provides the ifpdf switch (HO)
Package ifpdf Info: pdfTeX in PDF mode is detected.
)
("C:\Program Files (x86)\MiKTeX 2.9\tex\latex\nomencl\nomencl.sty"
Package: nomencl 2005/09/22 v4.2 Nomenclature package (LN)
\nomlabelwidth=\dimen105
\nom@tempdim=\dimen106
\nomitemsep=\skip54
)
\@nomenclaturefile=\write3

Writing nomenclature file thesis.nlo
("C:\Program Files (x86)\MiKTeX 2.9\tex\latex\hyperref\hyperref.sty"
Package: hyperref 2012/11/06 v6.83m Hypertext links for LaTeX

("C:\Program Files (x86)\MiKTeX 2.9\tex\generic\oberdiek\hobsub-hyperref.sty"
Package: hobsub-hyperref 2012/04/25 v1.12 Bundle oberdiek, subset hyperref (HO)


("C:\Program Files (x86)\MiKTeX 2.9\tex\generic\oberdiek\hobsub-generic.sty"
Package: hobsub-generic 2012/04/25 v1.12 Bundle oberdiek, subset generic (HO)
Package: hobsub 2012/04/25 v1.12 Construct package bundles (HO)
Package hobsub Info: Skipping package `infwarerr' (already loaded).
Package hobsub Info: Skipping package `ltxcmds' (already loaded).
Package: ifluatex 2010/03/01 v1.3 Provides the ifluatex switch (HO)
Package ifluatex Info: LuaTeX not detected.
Package: ifvtex 2010/03/01 v1.5 Detect VTeX and its facilities (HO)
Package ifvtex Info: VTeX not detected.
Package: intcalc 2007/09/27 v1.1 Expandable calculations with integers (HO)
Package hobsub Info: Skipping package `ifpdf' (already loaded).
Package: etexcmds 2011/02/16 v1.5 Avoid name clashes with e-TeX commands (HO)
Package etexcmds Info: Could not find \expanded.
(etexcmds)             That can mean that you are not using pdfTeX 1.50 or
(etexcmds)             that some package has redefined \expanded.
(etexcmds)             In the latter case, load this package earlier.
Package: kvsetkeys 2012/04/25 v1.16 Key value parser (HO)
Package: kvdefinekeys 2011/04/07 v1.3 Define keys (HO)
Package: pdftexcmds 2011/11/29 v0.20 Utility functions of pdfTeX for LuaTeX (HO
)
Package pdftexcmds Info: LuaTeX not detected.
Package pdftexcmds Info: \pdf@primitive is available.
Package pdftexcmds Info: \pdf@ifprimitive is available.
Package pdftexcmds Info: \pdfdraftmode found.
Package: pdfescape 2011/11/25 v1.13 Implements pdfTeX's escape features (HO)
Package: bigintcalc 2012/04/08 v1.3 Expandable calculations on big integers (HO
)
Package: bitset 2011/01/30 v1.1 Handle bit-vector datatype (HO)
Package: uniquecounter 2011/01/30 v1.2 Provide unlimited unique counter (HO)
)
Package hobsub Info: Skipping package `hobsub' (already loaded).
Package: letltxmacro 2010/09/02 v1.4 Let assignment for LaTeX macros (HO)
Package: hopatch 2011/06/24 v1.1 Wrapper for package hooks (HO)
Package: xcolor-patch 2011/01/30 xcolor patch
Package: atveryend 2011/06/30 v1.8 Hooks at the very end of document (HO)
Package atveryend Info: \enddocument detected (standard20110627).
Package: atbegshi 2011/10/05 v1.16 At begin shipout hook (HO)
Package: refcount 2011/10/16 v3.4 Data extraction from label references (HO)
Package: hycolor 2011/01/30 v1.7 Color options for hyperref/bookmark (HO)
)
("C:\Program Files (x86)\MiKTeX 2.9\tex\latex\graphics\keyval.sty"
Package: keyval 1999/03/16 v1.13 key=value parser (DPC)
\KV@toks@=\toks16
)
("C:\Program Files (x86)\MiKTeX 2.9\tex\generic\ifxetex\ifxetex.sty"
Package: ifxetex 2010/09/12 v0.6 Provides ifxetex conditional
)
("C:\Program Files (x86)\MiKTeX 2.9\tex\latex\oberdiek\auxhook.sty"
Package: auxhook 2011/03/04 v1.3 Hooks for auxiliary files (HO)
)
("C:\Program Files (x86)\MiKTeX 2.9\tex\latex\oberdiek\kvoptions.sty"
Package: kvoptions 2011/06/30 v3.11 Key value format for package options (HO)
)
\@linkdim=\dimen107
\Hy@linkcounter=\count93
\Hy@pagecounter=\count94

("C:\Program Files (x86)\MiKTeX 2.9\tex\latex\hyperref\pd1enc.def"
File: pd1enc.def 2012/11/06 v6.83m Hyperref: PDFDocEncoding definition (HO)
)
\Hy@SavedSpaceFactor=\count95

("C:\Program Files (x86)\MiKTeX 2.9\tex\latex\00miktex\hyperref.cfg"
File: hyperref.cfg 2002/06/06 v1.2 hyperref configuration of TeXLive
)
Package hyperref Info: Option `plainpages' set `false' on input line 4319.
Package hyperref Info: Option `pdfpagelabels' set `true' on input line 4319.
Package hyperref Info: Option `bookmarks' set `true' on input line 4319.
Package hyperref Info: Option `bookmarksopen' set `true' on input line 4319.
Package hyperref Info: Option `bookmarksnumbered' set `true' on input line 4319
.
Package hyperref Info: Option `breaklinks' set `true' on input line 4319.
Package hyperref Info: Option `linktocpage' set `true' on input line 4319.
Package hyperref Info: Option `colorlinks' set `true' on input line 4319.
Package hyperref Info: Option `hyperindex' set `true' on input line 4319.
Package hyperref Info: Option `hyperfigures' set `true' on input line 4319.
Package hyperref Info: Hyper figures ON on input line 4441.
Package hyperref Info: Link nesting OFF on input line 4448.
Package hyperref Info: Hyper index ON on input line 4451.
Package hyperref Info: Plain pages OFF on input line 4458.
Package hyperref Info: Backreferencing ON on input line 4461.
Package hyperref Info: Implicit mode ON; LaTeX internals redefined.
Package hyperref Info: Bookmarks ON on input line 4688.

("C:\Program Files (x86)\MiKTeX 2.9\tex\latex\hyperref\backref.sty"
Package: backref 2012/07/25 v1.38 Bibliographical back referencing

("C:\Program Files (x86)\MiKTeX 2.9\tex\latex\oberdiek\rerunfilecheck.sty"
Package: rerunfilecheck 2011/04/15 v1.7 Rerun checks for auxiliary files (HO)
Package uniquecounter Info: New unique counter `rerunfilecheck' on input line 2
82.
))
\c@Hy@tempcnt=\count96

("C:\Program Files (x86)\MiKTeX 2.9\tex\latex\url\url.sty"
\Urlmuskip=\muskip10
Package: url 2013/09/16  ver 3.4  Verb mode for urls, etc.
)
LaTeX Info: Redefining \url on input line 5041.
\XeTeXLinkMargin=\dimen108
\Fld@menulength=\count97
\Field@Width=\dimen109
\Fld@charsize=\dimen110
Package hyperref Info: Hyper figures ON on input line 6293.
Package hyperref Info: Link nesting OFF on input line 6300.
Package hyperref Info: Hyper index ON on input line 6303.
Package hyperref Info: backreferencing ON on input line 6308.
Package hyperref Info: Link coloring ON on input line 6313.
Package hyperref Info: Link coloring with OCG OFF on input line 6320.
Package hyperref Info: PDF/A mode OFF on input line 6325.
LaTeX Info: Redefining \ref on input line 6365.
LaTeX Info: Redefining \pageref on input line 6369.
\Hy@abspage=\count98
\c@Item=\count99
\c@Hfootnote=\count100
)

Package hyperref Message: Driver: hpdftex.

("C:\Program Files (x86)\MiKTeX 2.9\tex\latex\hyperref\hpdftex.def"
File: hpdftex.def 2012/11/06 v6.83m Hyperref driver for pdfTeX
\Fld@listcount=\count101
\c@bookmark@seq@number=\count102
\Hy@SectionHShift=\skip55
)
("C:\Program Files (x86)\MiKTeX 2.9\tex\latex\graphics\graphicx.sty"
Package: graphicx 1999/02/16 v1.0f Enhanced LaTeX Graphics (DPC,SPQR)

("C:\Program Files (x86)\MiKTeX 2.9\tex\latex\graphics\graphics.sty"
Package: graphics 2009/02/05 v1.0o Standard LaTeX Graphics (DPC,SPQR)

("C:\Program Files (x86)\MiKTeX 2.9\tex\latex\graphics\trig.sty"
Package: trig 1999/03/16 v1.09 sin cos tan (DPC)
)
("C:\Program Files (x86)\MiKTeX 2.9\tex\latex\00miktex\graphics.cfg"
File: graphics.cfg 2007/01/18 v1.5 graphics configuration of teTeX/TeXLive
)
Package graphics Info: Driver file: pdftex.def on input line 91.
)
\Gin@req@height=\dimen111
\Gin@req@width=\dimen112
)

Package Fancyhdr Warning: \fancyhead's `E' option without twoside option is use
less on input line 165.

) (C:\Users\Carlos\Desktop\ETSEIB\TFG\Template2\StyleFiles/watermark.sty

LaTeX Warning: You have requested package `StyleFiles/watermark',
               but the package provides `watermark'.

Package: watermark 2002/01/29 v1.00 Watermarks (NCC)
) (C:\Users\Carlos\Desktop\ETSEIB\TFG\Template2\thesis.aux
(C:\Users\Carlos\Desktop\ETSEIB\TFG\Template2\Dedication/dedication.aux)
(C:\Users\Carlos\Desktop\ETSEIB\TFG\Template2\Acknowledgement/acknowledgement.a
ux) (C:\Users\Carlos\Desktop\ETSEIB\TFG\Template2\Abstract/abstract.aux)
(C:\Users\Carlos\Desktop\ETSEIB\TFG\Template2\Introduction/introduction.aux)
(C:\Users\Carlos\Desktop\ETSEIB\TFG\Template2\Chapter1/chapter1.aux)
(C:\Users\Carlos\Desktop\ETSEIB\TFG\Template2\Chapter2/chapter2.aux)
(C:\Users\Carlos\Desktop\ETSEIB\TFG\Template2\Chapter3/chapter3.aux)
(C:\Users\Carlos\Desktop\ETSEIB\TFG\Template2\Conclusions/conclusions.aux)
(C:\Users\Carlos\Desktop\ETSEIB\TFG\Template2\Appendix1/appendix1.aux)
(C:\Users\Carlos\Desktop\ETSEIB\TFG\Template2\Appendix2/appendix2.aux))
LaTeX Font Info:    Checking defaults for OML/cmm/m/it on input line 54.
LaTeX Font Info:    ... okay on input line 54.
LaTeX Font Info:    Checking defaults for T1/cmr/m/n on input line 54.
LaTeX Font Info:    ... okay on input line 54.
LaTeX Font Info:    Checking defaults for OT1/cmr/m/n on input line 54.
LaTeX Font Info:    ... okay on input line 54.
LaTeX Font Info:    Checking defaults for OMS/cmsy/m/n on input line 54.
LaTeX Font Info:    ... okay on input line 54.
LaTeX Font Info:    Checking defaults for OMX/cmex/m/n on input line 54.
LaTeX Font Info:    ... okay on input line 54.
LaTeX Font Info:    Checking defaults for U/cmr/m/n on input line 54.
LaTeX Font Info:    ... okay on input line 54.
LaTeX Font Info:    Checking defaults for PD1/pdf/m/n on input line 54.
LaTeX Font Info:    ... okay on input line 54.

("C:\Program Files (x86)\MiKTeX 2.9\tex\context\base\supp-pdf.mkii"
[Loading MPS to PDF converter (version 2006.09.02).]
\scratchcounter=\count103
\scratchdimen=\dimen113
\scratchbox=\box26
\nofMPsegments=\count104
\nofMParguments=\count105
\everyMPshowfont=\toks17
\MPscratchCnt=\count106
\MPscratchDim=\dimen114
\MPnumerator=\count107
\makeMPintoPDFobject=\count108
\everyMPtoPDFconversion=\toks18
)
\AtBeginShipoutBox=\box27
Package backref Info: ** backref set up for natbib ** on input line 54.
Package hyperref Info: Link coloring ON on input line 54.
 ("C:\Program Files (x86)\MiKTeX 2.9\tex\latex\hyperref\nameref.sty"
Package: nameref 2012/10/27 v2.43 Cross-referencing by name of section

("C:\Program Files (x86)\MiKTeX 2.9\tex\generic\oberdiek\gettitlestring.sty"
Package: gettitlestring 2010/12/03 v1.4 Cleanup title references (HO)
)
\c@section@level=\count109
)
LaTeX Info: Redefining \ref on input line 54.
LaTeX Info: Redefining \pageref on input line 54.
LaTeX Info: Redefining \nameref on input line 54.

(C:\Users\Carlos\Desktop\ETSEIB\TFG\Template2\thesis.out)
(C:\Users\Carlos\Desktop\ETSEIB\TFG\Template2\thesis.out)
\@outlinefile=\write4
LaTeX Font Info:    Try loading font information for U+msa on input line 75.

("C:\Program Files (x86)\MiKTeX 2.9\tex\latex\amsfonts\umsa.fd"
File: umsa.fd 2013/01/14 v3.01 AMS symbols A
)
LaTeX Font Info:    Try loading font information for U+msb on input line 75.

("C:\Program Files (x86)\MiKTeX 2.9\tex\latex\amsfonts\umsb.fd"
File: umsb.fd 2013/01/14 v3.01 AMS symbols B
)
<ThesisFigs/UnivShield.jpg, id=114, 307.549pt x 357.335pt>
File: ThesisFigs/UnivShield.jpg Graphic file (type jpg)

<use ThesisFigs/UnivShield.jpg>
Package pdftex.def Info: ThesisFigs/UnivShield.jpg used on input line 75.
(pdftex.def)             Requested size: 85.35826pt x 99.17526pt.
 [0

{C:/ProgramData/MiKTeX/2.9/pdftex/config/pdftex.map} <C:/Users/Carlos/Desktop/E
TSEIB/TFG/Template2/ThesisFigs/UnivShield.jpg>] (C:\Users\Carlos\Desktop\ETSEIB
\TFG\Template2\Dedication/dedication.tex
[1


])
(C:\Users\Carlos\Desktop\ETSEIB\TFG\Template2\Acknowledgement/acknowledgement.t
ex [2


]) (C:\Users\Carlos\Desktop\ETSEIB\TFG\Template2\Abstract/abstract.tex
[3


]) (C:\Users\Carlos\Desktop\ETSEIB\TFG\Template2\thesis.toc [4
\FN@pp@footnotehinttrue 


])
\tf@toc=\write5
 [5] (C:\Users\Carlos\Desktop\ETSEIB\TFG\Template2\thesis.lof)
\tf@lof=\write6

No file thesis.nls.
[6

] (C:\Users\Carlos\Desktop\ETSEIB\TFG\Template2\Introduction/introduction.tex
Chapter 1.
[1



]) [2] (C:\Users\Carlos\Desktop\ETSEIB\TFG\Template2\Chapter1/chapter1.tex
Chapter 2.
<Chapter1/Chapter1Figs/aflow.jpg, id=199, 454.87589pt x 658.93236pt>
File: Chapter1/Chapter1Figs/aflow.jpg Graphic file (type jpg)

<use Chapter1/Chapter1Figs/aflow.jpg>
Package pdftex.def Info: Chapter1/Chapter1Figs/aflow.jpg used on input line 45.

(pdftex.def)             Requested size: 299.34447pt x 433.62pt.
 [3



] [4 <C:/Users/Carlos/Desktop/ETSEIB/TFG/Template2/Chapter1/Chapter1Figs/aflow.
jpg>]) [5]
(C:\Users\Carlos\Desktop\ETSEIB\TFG\Template2\Chapter2/chapter2.tex
Chapter 3.
) [6



] (C:\Users\Carlos\Desktop\ETSEIB\TFG\Template2\Chapter3/chapter3.tex
Chapter 4.
[7



]) [8]
(C:\Users\Carlos\Desktop\ETSEIB\TFG\Template2\Conclusions/conclusions.tex
Chapter 5.
) [9



] (C:\Users\Carlos\Desktop\ETSEIB\TFG\Template2\Appendix1/appendix1.tex)
[10




] (C:\Users\Carlos\Desktop\ETSEIB\TFG\Template2\Appendix2/appendix2.tex)
[11



] (C:\Users\Carlos\Desktop\ETSEIB\TFG\Template2\thesis.bbl
(C:\Users\Carlos\Desktop\ETSEIB\TFG\Template2\thesis.brf)
\tf@brf=\write7
)
Package atveryend Info: Empty hook `BeforeClearDocument' on input line 111.
 [12


]
Package atveryend Info: Empty hook `AfterLastShipout' on input line 111.

(C:\Users\Carlos\Desktop\ETSEIB\TFG\Template2\thesis.aux
(C:\Users\Carlos\Desktop\ETSEIB\TFG\Template2\Dedication/dedication.aux)
(C:\Users\Carlos\Desktop\ETSEIB\TFG\Template2\Acknowledgement/acknowledgement.a
ux) (C:\Users\Carlos\Desktop\ETSEIB\TFG\Template2\Abstract/abstract.aux)
(C:\Users\Carlos\Desktop\ETSEIB\TFG\Template2\Introduction/introduction.aux)
(C:\Users\Carlos\Desktop\ETSEIB\TFG\Template2\Chapter1/chapter1.aux)
(C:\Users\Carlos\Desktop\ETSEIB\TFG\Template2\Chapter2/chapter2.aux)
(C:\Users\Carlos\Desktop\ETSEIB\TFG\Template2\Chapter3/chapter3.aux)
(C:\Users\Carlos\Desktop\ETSEIB\TFG\Template2\Conclusions/conclusions.aux)
(C:\Users\Carlos\Desktop\ETSEIB\TFG\Template2\Appendix1/appendix1.aux)
(C:\Users\Carlos\Desktop\ETSEIB\TFG\Template2\Appendix2/appendix2.aux))
Package atveryend Info: Executing hook `AtVeryEndDocument' on input line 111.
Package atveryend Info: Executing hook `AtEndAfterFileList' on input line 111.
Package rerunfilecheck Info: File `thesis.out' has not changed.
(rerunfilecheck)             Checksum: 16BD510067ECE0BAD6ED7700C384A48D;2115.
Package rerunfilecheck Info: File `thesis.brf' has not changed.
(rerunfilecheck)             Checksum: A8DF4E1FD1B1B144DB069E790B212BE1;193.
Package atveryend Info: Empty hook `AtVeryVeryEnd' on input line 111.
 ) 
Here is how much of TeX's memory you used:
 7097 strings out of 493921
 107328 string characters out of 3144873
 194700 words of memory out of 3000000
 10131 multiletter control sequences out of 15000+200000
 19340 words of font info for 73 fonts, out of 3000000 for 9000
 841 hyphenation exceptions out of 8191
 39i,12n,50p,4364b,458s stack positions out of 5000i,500n,10000p,200000b,50000s
<C:/Program Files (x86)/MiKTeX 2.9/fonts/type1/public/amsfonts/cm/cmbx12.pfb>
<C:/Program Files (x86)/MiKTeX 2.9/fonts/type1/public/amsfonts/cm/cmex10.pfb><C
:/Program Files (x86)/MiKTeX 2.9/fonts/type1/public/amsfonts/cm/cmmi12.pfb><C:/
Program Files (x86)/MiKTeX 2.9/fonts/type1/public/amsfonts/cm/cmmi8.pfb><C:/Pro
gram Files (x86)/MiKTeX 2.9/fonts/type1/public/amsfonts/cm/cmmib10.pfb><C:/Prog
ram Files (x86)/MiKTeX 2.9/fonts/type1/public/amsfonts/cm/cmr10.pfb><C:/Program
 Files (x86)/MiKTeX 2.9/fonts/type1/public/amsfonts/cm/cmr12.pfb><C:/Program Fi
les (x86)/MiKTeX 2.9/fonts/type1/public/amsfonts/cm/cmr17.pfb><C:/Program Files
 (x86)/MiKTeX 2.9/fonts/type1/public/amsfonts/cm/cmr7.pfb><C:/Program Files (x8
6)/MiKTeX 2.9/fonts/type1/public/amsfonts/cm/cmr8.pfb><C:/Program Files (x86)/M
iKTeX 2.9/fonts/type1/public/amsfonts/cm/cmsy10.pfb><C:/Program Files (x86)/MiK
TeX 2.9/fonts/type1/public/amsfonts/cm/cmti12.pfb><C:/Program Files (x86)/MiKTe
X 2.9/fonts/type1/public/amsfonts/cm/cmti8.pfb>
Output written on thesis.pdf (19 pages, 307900 bytes).
PDF statistics:
 315 PDF objects out of 1000 (max. 8388607)
 53 named destinations out of 1000 (max. 500000)
 235 words of extra memory for PDF output out of 10000 (max. 10000000)

